<?xml version="1.0" encoding="UTF-8"?>
<!-- Generated by org.testng.reporters.JUnitXMLReporter -->
<testsuite ignored="0" hostname="DESKTOP-6RNNSA7" failures="0" tests="8" name="Test" time="0.13" errors="0" timestamp="2026-04-13T21:30:47 IST">
  <testcase classname="S013_Test_NG.S002_TestNG2" name="APITest" time="0.01"/>
  <testcase classname="S013_Test_NG.S002_TestNG2" name="MobTest1" time="0.004"/>
  <testcase classname="S013_Test_NG.S002_TestNG2" name="WebTest1" time="0.002"/>
  <testcase classname="S013_Test_NG.S002_TestNG2" name="WebTest2" time="0.003"/>
  <testcase classname="S013_Test_NG.S001_TestNG1" name="APITest" time="0.006"/>
  <testcase classname="S013_Test_NG.S001_TestNG1" name="MobTest1" time="0.002"/>
  <testcase classname="S013_Test_NG.S003_CarLoan" name="CarLoan1" time="0.003"/>
  <testcase classname="S013_Test_NG.S003_CarLoan" name="CarLoan2" time="0.002"/>
</testsuite> <!-- Test -->
