<?xml version="1.0" encoding="UTF-8"?>
<!-- Generated by org.testng.reporters.JUnitXMLReporter -->
<testsuite ignored="0" hostname="DESKTOP-6RNNSA7" failures="0" tests="15" name="Car Loan" time="0.194" errors="0" timestamp="2026-04-22T21:45:29 IST">
  <testcase classname="S013_Test_NG.S002_TestNG2" name="APITest" time="0.009"/>
  <testcase classname="S013_Test_NG.S001_TestNG1" name="APITest" time="0.003"/>
  <testcase classname="S013_Test_NG.S003_CarLoan" name="CarLoan1" time="0.002"/>
  <testcase classname="S013_Test_NG.S003_CarLoan" name="CarLoan11" time="0.006"/>
  <testcase classname="S013_Test_NG.S002_TestNG2" name="MobTest1" time="0.003"/>
  <testcase classname="S013_Test_NG.S001_TestNG1" name="MobTest1" time="0.003"/>
  <testcase classname="S013_Test_NG.S002_TestNG2" name="WebTest2" time="0.003"/>
  <testcase classname="S013_Test_NG.S002_TestNG2" name="dataproviders" time="0.007"/>
  <testcase classname="S013_Test_NG.S002_TestNG2" name="dataproviders" time="0.003"/>
  <testcase classname="S013_Test_NG.S002_TestNG2" name="dataproviders" time="0.004"/>
  <testcase classname="S013_Test_NG.S003_CarLoan" name="loadData" time="0.003"/>
  <testcase classname="S013_Test_NG.S003_CarLoan" name="login" time="0.011"/>
  <testcase classname="S013_Test_NG.S003_CarLoan" name="CarLoan2" time="0.003"/>
  <testcase classname="S013_Test_NG.S003_CarLoan" name="executeTest" time="0.007"/>
  <testcase classname="S013_Test_NG.S002_TestNG2" name="WebTest1" time="0.003"/>
</testsuite> <!-- Car Loan -->
