<?xml version="1.0" encoding="UTF-8"?>
<!-- Generated by org.testng.reporters.JUnitXMLReporter -->
<testsuite ignored="4" hostname="DESKTOP-6RNNSA7" failures="0" tests="3" name="Personal Loan " time="0.095" errors="0" timestamp="2026-04-22T21:52:01 IST">
  <testcase classname="S013_Test_NG.S002_TestNG2" name="MobTest1" time="0.014"/>
  <testcase classname="S013_Test_NG.S001_TestNG1" name="MobTest1" time="0.013"/>
  <testcase classname="S013_Test_NG.S002_TestNG2" name="WebTest1" time="0.007"/>
  <testcase classname="S013_Test_NG.S002_TestNG2" name="APITest" time="0.0">
    <ignored/>
  </testcase> <!-- APITest -->
  <testcase classname="S013_Test_NG.S002_TestNG2" name="WebTest2" time="0.0">
    <ignored/>
  </testcase> <!-- WebTest2 -->
  <testcase classname="S013_Test_NG.S002_TestNG2" name="dataproviders" time="0.0">
    <ignored/>
  </testcase> <!-- dataproviders -->
  <testcase classname="S013_Test_NG.S001_TestNG1" name="APITest" time="0.0">
    <ignored/>
  </testcase> <!-- APITest -->
</testsuite> <!-- Personal Loan  -->
