<?xml version="1.0" encoding="UTF-8"?>
<testng-results ignored="0" total="1" passed="1" failed="0" skipped="0">
  <reporter-output>
  </reporter-output>
  <suite started-at="2026-04-23T22:02:57 IST" name="Default suite" finished-at="2026-04-23T22:02:57 IST" duration-ms="69">
    <groups>
    </groups>
    <test started-at="2026-04-23T22:02:57 IST" name="Default test" finished-at="2026-04-23T22:02:57 IST" duration-ms="69">
      <class name="S014_Concepts_Java.S02_Child">
        <test-method is-config="true" signature="beforeMethod()[pri:0, instance:S014_Concepts_Java.S02_Child@67d48005]" started-at="2026-04-23T22:02:57 IST" name="beforeMethod" finished-at="2026-04-23T22:02:57 IST" duration-ms="8" status="PASS">
          <reporter-output>
          </reporter-output>
        </test-method> <!-- beforeMethod -->
        <test-method signature="child()[pri:0, instance:S014_Concepts_Java.S02_Child@67d48005]" started-at="2026-04-23T22:02:57 IST" name="child" finished-at="2026-04-23T22:02:57 IST" duration-ms="14" status="PASS">
          <reporter-output>
          </reporter-output>
        </test-method> <!-- child -->
        <test-method is-config="true" signature="afterMethod()[pri:0, instance:S014_Concepts_Java.S02_Child@67d48005]" started-at="2026-04-23T22:02:57 IST" name="afterMethod" finished-at="2026-04-23T22:02:57 IST" duration-ms="1" status="PASS">
          <reporter-output>
          </reporter-output>
        </test-method> <!-- afterMethod -->
      </class> <!-- S014_Concepts_Java.S02_Child -->
    </test> <!-- Default test -->
  </suite> <!-- Default suite -->
</testng-results>
