<?xml version="1.0" encoding="UTF-8"?>
<testng-results ignored="0" total="1" passed="1" failed="0" skipped="0">
  <reporter-output>
  </reporter-output>
  <suite started-at="2026-04-09T21:52:17 IST" name="Default suite" finished-at="2026-04-09T21:52:17 IST" duration-ms="64">
    <groups>
    </groups>
    <test started-at="2026-04-09T21:52:17 IST" name="Default test" finished-at="2026-04-09T21:52:17 IST" duration-ms="64">
      <class name="S010_Java_Streams.S003_Streams_assignment">
        <test-method signature="arrayList()[pri:0, instance:S010_Java_Streams.S003_Streams_assignment@4567f35d]" started-at="2026-04-09T21:52:17 IST" name="arrayList" finished-at="2026-04-09T21:52:17 IST" duration-ms="16" status="PASS">
          <reporter-output>
          </reporter-output>
        </test-method> <!-- arrayList -->
      </class> <!-- S010_Java_Streams.S003_Streams_assignment -->
    </test> <!-- Default test -->
  </suite> <!-- Default suite -->
</testng-results>
