<?xml version="1.0" encoding="UTF-8"?>
<!-- Generated by org.testng.reporters.JUnitReportReporter -->
<testsuite hostname="DESKTOP-6RNNSA7" failures="0" tests="2" name="S010_Java_Streams.S002_Java_Streams2" time="0.023" errors="0" timestamp="2026-04-09T21:48:48 IST" skipped="0">
  <testcase classname="S010_Java_Streams.S002_Java_Streams2" name="streams" time="0.009"/>
  <system-out/>
  <testcase classname="S010_Java_Streams.S002_Java_Streams2" name="arrayList" time="0.014"/>
  <system-out/>
</testsuite> <!-- S010_Java_Streams.S002_Java_Streams2 -->
