<?xml version="1.0" encoding="UTF-8"?>
<!-- Generated by org.testng.reporters.JUnitReportReporter -->
<testsuite hostname="DESKTOP-6RNNSA7" failures="0" tests="2" name="S013_Test_NG.S002_TestNG2" time="0.021" errors="0" timestamp="2026-04-22T21:52:01 IST" skipped="0">
  <testcase classname="S013_Test_NG.S002_TestNG2" name="MobTest1" time="0.014"/>
  <system-out/>
  <testcase classname="S013_Test_NG.S002_TestNG2" name="WebTest1" time="0.007"/>
  <system-out/>
</testsuite> <!-- S013_Test_NG.S002_TestNG2 -->
