<?xml version="1.0" encoding="UTF-8"?>
<!-- Generated by org.testng.reporters.JUnitReportReporter -->
<testsuite hostname="DESKTOP-6RNNSA7" failures="0" tests="6" name="S013_Test_NG.S003_CarLoan" time="0.061" errors="0" timestamp="2026-04-22T21:52:01 IST" skipped="0">
  <testcase classname="S013_Test_NG.S003_CarLoan" name="CarLoan1" time="0.017"/>
  <system-out/>
  <testcase classname="S013_Test_NG.S003_CarLoan" name="CarLoan2" time="0.001"/>
  <system-out/>
  <testcase classname="S013_Test_NG.S003_CarLoan" name="executeTest" time="0.001"/>
  <system-out/>
  <testcase classname="S013_Test_NG.S003_CarLoan" name="loadData" time="0.002"/>
  <system-out/>
  <testcase classname="S013_Test_NG.S003_CarLoan" name="login" time="0.006"/>
  <system-out/>
  <testcase classname="S013_Test_NG.S003_CarLoan" name="CarLoan11" time="0.034"/>
  <system-out/>
</testsuite> <!-- S013_Test_NG.S003_CarLoan -->
